<?xml version="1.0" encoding="UTF-8"?>
<!-- Generated by org.testng.reporters.JUnitXMLReporter -->
<testsuite hostname="DESKTOP-HHODFUV" ignored="0" name="Test" tests="6" failures="1" timestamp="02 Sep 2021 19:12:22 GMT" time="269.955" errors="0">
  <testcase name="loginWithWrong_1" time="4.102" classname="tests.FaceboolLogins"/>
  <testcase name="loginWithNoEmail_2" time="0.823" classname="tests.FaceboolLogins"/>
  <testcase name="loginWithNoPass_3" time="2.087" classname="tests.FaceboolLogins"/>
  <testcase name="loginWithInvalidEmail_4" time="1.941" classname="tests.FaceboolLogins"/>
  <testcase name="wrongNumber_5" time="0.948" classname="tests.FaceboolLogins"/>
  <testcase name="emailNoAccount_6" time="0.864" classname="tests.FaceboolLogins">
    <failure type="org.junit.ComparisonFailure" message="expected:&amp;lt;...ected to an account.[]&amp;gt; but was:&amp;lt;...ected to an account.[ Find your account and log in.]&amp;gt;">
      <![CDATA[org.junit.ComparisonFailure: expected:<...ected to an account.[]> but was:<...ected to an account.[ Find your account and log in.]>
at org.junit.Assert.assertEquals(Assert.java:115)
at org.junit.Assert.assertEquals(Assert.java:144)
at tests.FaceboolLogins.emailNoAccount_6(FaceboolLogins.java:77)
... Removed 24 stack frames]]>
    </failure>
  </testcase> <!-- emailNoAccount_6 -->
</testsuite> <!-- Test -->
