<?xml version="1.0" encoding="UTF-8"?>
<testng-results skipped="0" failed="1" ignored="0" total="6" passed="5">
  <reporter-output>
  </reporter-output>
  <suite name="Suite" duration-ms="269955" started-at="2021-09-02T19:07:52Z" finished-at="2021-09-02T19:12:22Z">
    <groups>
    </groups>
    <test name="Test" duration-ms="269955" started-at="2021-09-02T19:07:52Z" finished-at="2021-09-02T19:12:22Z">
      <class name="tests.FaceboolLogins">
        <test-method status="PASS" signature="beforeMethod()[pri:0, instance:tests.FaceboolLogins@6279cee3]" name="beforeMethod" is-config="true" duration-ms="7043" started-at="2021-09-02T19:07:52Z" finished-at="2021-09-02T19:07:59Z">
          <reporter-output>
          </reporter-output>
        </test-method> <!-- beforeMethod -->
        <test-method status="PASS" signature="loginWithWrong_1()[pri:1, instance:tests.FaceboolLogins@6279cee3]" name="loginWithWrong_1" duration-ms="4102" started-at="2021-09-02T19:07:59Z" finished-at="2021-09-02T19:08:03Z">
          <reporter-output>
          </reporter-output>
        </test-method> <!-- loginWithWrong_1 -->
        <test-method status="PASS" signature="afterMethod()[pri:0, instance:tests.FaceboolLogins@6279cee3]" name="afterMethod" is-config="true" duration-ms="1700" started-at="2021-09-02T19:08:03Z" finished-at="2021-09-02T19:08:05Z">
          <reporter-output>
          </reporter-output>
        </test-method> <!-- afterMethod -->
        <test-method status="PASS" signature="beforeMethod()[pri:0, instance:tests.FaceboolLogins@6279cee3]" name="beforeMethod" is-config="true" duration-ms="6619" started-at="2021-09-02T19:08:05Z" finished-at="2021-09-02T19:08:11Z">
          <reporter-output>
          </reporter-output>
        </test-method> <!-- beforeMethod -->
        <test-method status="PASS" signature="loginWithNoEmail_2()[pri:2, instance:tests.FaceboolLogins@6279cee3]" name="loginWithNoEmail_2" duration-ms="823" started-at="2021-09-02T19:08:11Z" finished-at="2021-09-02T19:08:12Z">
          <reporter-output>
          </reporter-output>
        </test-method> <!-- loginWithNoEmail_2 -->
        <test-method status="PASS" signature="afterMethod()[pri:0, instance:tests.FaceboolLogins@6279cee3]" name="afterMethod" is-config="true" duration-ms="71358" started-at="2021-09-02T19:08:12Z" finished-at="2021-09-02T19:09:24Z">
          <reporter-output>
          </reporter-output>
        </test-method> <!-- afterMethod -->
        <test-method status="PASS" signature="beforeMethod()[pri:0, instance:tests.FaceboolLogins@6279cee3]" name="beforeMethod" is-config="true" duration-ms="6213" started-at="2021-09-02T19:09:24Z" finished-at="2021-09-02T19:09:30Z">
          <reporter-output>
          </reporter-output>
        </test-method> <!-- beforeMethod -->
        <test-method status="PASS" signature="loginWithNoPass_3()[pri:3, instance:tests.FaceboolLogins@6279cee3]" name="loginWithNoPass_3" duration-ms="2087" started-at="2021-09-02T19:09:30Z" finished-at="2021-09-02T19:09:32Z">
          <reporter-output>
          </reporter-output>
        </test-method> <!-- loginWithNoPass_3 -->
        <test-method status="PASS" signature="afterMethod()[pri:0, instance:tests.FaceboolLogins@6279cee3]" name="afterMethod" is-config="true" duration-ms="1253" started-at="2021-09-02T19:09:32Z" finished-at="2021-09-02T19:09:33Z">
          <reporter-output>
          </reporter-output>
        </test-method> <!-- afterMethod -->
        <test-method status="PASS" signature="beforeMethod()[pri:0, instance:tests.FaceboolLogins@6279cee3]" name="beforeMethod" is-config="true" duration-ms="6520" started-at="2021-09-02T19:09:33Z" finished-at="2021-09-02T19:09:40Z">
          <reporter-output>
          </reporter-output>
        </test-method> <!-- beforeMethod -->
        <test-method status="PASS" signature="loginWithInvalidEmail_4()[pri:4, instance:tests.FaceboolLogins@6279cee3]" name="loginWithInvalidEmail_4" duration-ms="1941" started-at="2021-09-02T19:09:40Z" finished-at="2021-09-02T19:09:42Z">
          <reporter-output>
          </reporter-output>
        </test-method> <!-- loginWithInvalidEmail_4 -->
        <test-method status="PASS" signature="afterMethod()[pri:0, instance:tests.FaceboolLogins@6279cee3]" name="afterMethod" is-config="true" duration-ms="1768" started-at="2021-09-02T19:09:42Z" finished-at="2021-09-02T19:09:43Z">
          <reporter-output>
          </reporter-output>
        </test-method> <!-- afterMethod -->
        <test-method status="PASS" signature="beforeMethod()[pri:0, instance:tests.FaceboolLogins@6279cee3]" name="beforeMethod" is-config="true" duration-ms="6830" started-at="2021-09-02T19:09:43Z" finished-at="2021-09-02T19:09:50Z">
          <reporter-output>
          </reporter-output>
        </test-method> <!-- beforeMethod -->
        <test-method status="PASS" signature="wrongNumber_5()[pri:5, instance:tests.FaceboolLogins@6279cee3]" name="wrongNumber_5" duration-ms="948" started-at="2021-09-02T19:09:50Z" finished-at="2021-09-02T19:09:51Z">
          <reporter-output>
          </reporter-output>
        </test-method> <!-- wrongNumber_5 -->
        <test-method status="PASS" signature="afterMethod()[pri:0, instance:tests.FaceboolLogins@6279cee3]" name="afterMethod" is-config="true" duration-ms="71460" started-at="2021-09-02T19:09:51Z" finished-at="2021-09-02T19:11:03Z">
          <reporter-output>
          </reporter-output>
        </test-method> <!-- afterMethod -->
        <test-method status="PASS" signature="beforeMethod()[pri:0, instance:tests.FaceboolLogins@6279cee3]" name="beforeMethod" is-config="true" duration-ms="6946" started-at="2021-09-02T19:11:03Z" finished-at="2021-09-02T19:11:10Z">
          <reporter-output>
          </reporter-output>
        </test-method> <!-- beforeMethod -->
        <test-method status="FAIL" signature="emailNoAccount_6()[pri:6, instance:tests.FaceboolLogins@6279cee3]" name="emailNoAccount_6" duration-ms="864" started-at="2021-09-02T19:11:10Z" finished-at="2021-09-02T19:11:10Z">
          <exception class="org.junit.ComparisonFailure">
            <message>
              <![CDATA[expected:<...ected to an account.[]> but was:<...ected to an account.[ Find your account and log in.]>]]>
            </message>
            <full-stacktrace>
              <![CDATA[org.junit.ComparisonFailure: expected:<...ected to an account.[]> but was:<...ected to an account.[ Find your account and log in.]>
at org.junit.Assert.assertEquals(Assert.java:115)
at org.junit.Assert.assertEquals(Assert.java:144)
at tests.FaceboolLogins.emailNoAccount_6(FaceboolLogins.java:77)
at sun.reflect.NativeMethodAccessorImpl.invoke0(Native Method)
at sun.reflect.NativeMethodAccessorImpl.invoke(NativeMethodAccessorImpl.java:62)
at sun.reflect.DelegatingMethodAccessorImpl.invoke(DelegatingMethodAccessorImpl.java:43)
at java.lang.reflect.Method.invoke(Method.java:498)
at org.testng.internal.MethodInvocationHelper.invokeMethod(MethodInvocationHelper.java:124)
at org.testng.internal.Invoker.invokeMethod(Invoker.java:580)
at org.testng.internal.Invoker.invokeTestMethod(Invoker.java:716)
at org.testng.internal.Invoker.invokeTestMethods(Invoker.java:988)
at org.testng.internal.TestMethodWorker.invokeTestMethods(TestMethodWorker.java:125)
at org.testng.internal.TestMethodWorker.run(TestMethodWorker.java:109)
at org.testng.TestRunner.privateRun(TestRunner.java:648)
at org.testng.TestRunner.run(TestRunner.java:505)
at org.testng.SuiteRunner.runTest(SuiteRunner.java:455)
at org.testng.SuiteRunner.runSequentially(SuiteRunner.java:450)
at org.testng.SuiteRunner.privateRun(SuiteRunner.java:415)
at org.testng.SuiteRunner.run(SuiteRunner.java:364)
at org.testng.SuiteRunnerWorker.runSuite(SuiteRunnerWorker.java:52)
at org.testng.SuiteRunnerWorker.run(SuiteRunnerWorker.java:84)
at org.testng.TestNG.runSuitesSequentially(TestNG.java:1208)
at org.testng.TestNG.runSuitesLocally(TestNG.java:1137)
at org.testng.TestNG.runSuites(TestNG.java:1049)
at org.testng.TestNG.run(TestNG.java:1017)
at org.testng.TestNG.privateMain(TestNG.java:1354)
at org.testng.TestNG.main(TestNG.java:1323)
]]>
            </full-stacktrace>
          </exception> <!-- org.junit.ComparisonFailure -->
          <reporter-output>
          </reporter-output>
        </test-method> <!-- emailNoAccount_6 -->
        <test-method status="PASS" signature="afterMethod()[pri:0, instance:tests.FaceboolLogins@6279cee3]" name="afterMethod" is-config="true" duration-ms="71343" started-at="2021-09-02T19:11:10Z" finished-at="2021-09-02T19:12:22Z">
          <reporter-output>
          </reporter-output>
        </test-method> <!-- afterMethod -->
      </class> <!-- tests.FaceboolLogins -->
    </test> <!-- Test -->
  </suite> <!-- Suite -->
</testng-results>
